# JRE version: OpenJDK Runtime Environment (8.0_76-b03) (build 1.8.0_76-release-b03)
# Java VM: OpenJDK 64-Bit Server VM (25.76-b03 mixed mode windows-amd64 compressed oops)
Heap:
 PSYoungGen      total 303104K, used 195241K [0x00000000e0000000, 0x00000000f5780000, 0x0000000100000000)
  eden space 268288K, 59% used [0x00000000e0000000,0x00000000e9cad538,0x00000000f0600000)
  from space 34816K, 99% used [0x00000000f2e00000,0x00000000f4ffd0c0,0x00000000f5000000)
  to   space 40960K, 0% used [0x00000000f0600000,0x00000000f0600000,0x00000000f2e00000)
 ParOldGen       total 89600K, used 60304K [0x00000000a0000000, 0x00000000a5780000, 0x00000000e0000000)
  object space 89600K, 67% used [0x00000000a0000000,0x00000000a3ae43e8,0x00000000a5780000)
 Metaspace       used 70526K, capacity 73452K, committed 73600K, reserved 1114112K
  class space    used 9078K, capacity 9767K, committed 9856K, reserved 1048576K
GC Heap History (10 events):
Event: 14.043 GC heap before
{Heap before GC invocations=13 (full 3):
 PSYoungGen      total 214016K, used 18938K [0x00000000e0000000, 0x00000000efa00000, 0x0000000100000000)
  eden space 195072K, 0% used [0x00000000e0000000,0x00000000e0000000,0x00000000ebe80000)
  from space 18944K, 99% used [0x00000000ed880000,0x00000000eeafe818,0x00000000eeb00000)
  to   space 26624K, 0% used [0x00000000ebe80000,0x00000000ebe80000,0x00000000ed880000)
 ParOldGen       total 89600K, used 39439K [0x00000000a0000000, 0x00000000a5780000, 0x00000000e0000000)
  object space 89600K, 44% used [0x00000000a0000000,0x00000000a2683cc0,0x00000000a5780000)
 Metaspace       used 55021K, capacity 57144K, committed 57472K, reserved 1099776K
  class space    used 7417K, capacity 7946K, committed 8064K, reserved 1048576K
Event: 14.328 GC heap after
Heap after GC invocations=13 (full 3):
 PSYoungGen      total 214016K, used 0K [0x00000000e0000000, 0x00000000efa00000, 0x0000000100000000)
  eden space 195072K, 0% used [0x00000000e0000000,0x00000000e0000000,0x00000000ebe80000)
  from space 18944K, 0% used [0x00000000ed880000,0x00000000ed880000,0x00000000eeb00000)
  to   space 26624K, 0% used [0x00000000ebe80000,0x00000000ebe80000,0x00000000ed880000)
 ParOldGen       total 89600K, used 47390K [0x00000000a0000000, 0x00000000a5780000, 0x00000000e0000000)
  object space 89600K, 52% used [0x00000000a0000000,0x00000000a2e47858,0x00000000a5780000)
 Metaspace       used 55021K, capacity 57144K, committed 57472K, reserved 1099776K
  class space    used 7417K, capacity 7946K, committed 8064K, reserved 1048576K
}
Event: 60.860 GC heap before
{Heap before GC invocations=14 (full 3):
 PSYoungGen      total 214016K, used 195072K [0x00000000e0000000, 0x00000000efa00000, 0x0000000100000000)
  eden space 195072K, 100% used [0x00000000e0000000,0x00000000ebe80000,0x00000000ebe80000)
  from space 18944K, 0% used [0x00000000ed880000,0x00000000ed880000,0x00000000eeb00000)
  to   space 26624K, 0% used [0x00000000ebe80000,0x00000000ebe80000,0x00000000ed880000)
 ParOldGen       total 89600K, used 47390K [0x00000000a0000000, 0x00000000a5780000, 0x00000000e0000000)
  object space 89600K, 52% used [0x00000000a0000000,0x00000000a2e47858,0x00000000a5780000)
 Metaspace       used 59245K, capacity 61470K, committed 61696K, reserved 1101824K
  class space    used 7901K, capacity 8421K, committed 8448K, reserved 1048576K
Event: 60.865 GC heap after
Heap after GC invocations=14 (full 3):
 PSYoungGen      total 221696K, used 5242K [0x00000000e0000000, 0x00000000f1c00000, 0x0000000100000000)
  eden space 195072K, 0% used [0x00000000e0000000,0x00000000e0000000,0x00000000ebe80000)
  from space 26624K, 19% used [0x00000000ebe80000,0x00000000ec39e8a0,0x00000000ed880000)
  to   space 26624K, 0% used [0x00000000f0200000,0x00000000f0200000,0x00000000f1c00000)
 ParOldGen       total 89600K, used 47398K [0x00000000a0000000, 0x00000000a5780000, 0x00000000e0000000)
  object space 89600K, 52% used [0x00000000a0000000,0x00000000a2e49858,0x00000000a5780000)
 Metaspace       used 59245K, capacity 61470K, committed 61696K, reserved 1101824K
  class space    used 7901K, capacity 8421K, committed 8448K, reserved 1048576K
}
Event: 2763.661 GC heap before
{Heap before GC invocations=15 (full 3):
 PSYoungGen      total 221696K, used 200314K [0x00000000e0000000, 0x00000000f1c00000, 0x0000000100000000)
  eden space 195072K, 100% used [0x00000000e0000000,0x00000000ebe80000,0x00000000ebe80000)
  from space 26624K, 19% used [0x00000000ebe80000,0x00000000ec39e8a0,0x00000000ed880000)
  to   space 26624K, 0% used [0x00000000f0200000,0x00000000f0200000,0x00000000f1c00000)
 ParOldGen       total 89600K, used 47398K [0x00000000a0000000, 0x00000000a5780000, 0x00000000e0000000)
  object space 89600K, 52% used [0x00000000a0000000,0x00000000a2e49858,0x00000000a5780000)
 Metaspace       used 61355K, capacity 63764K, committed 64000K, reserved 1103872K
  class space    used 8115K, capacity 8666K, committed 8704K, reserved 1048576K
Event: 2763.709 GC heap after
Heap after GC invocations=15 (full 3):
 PSYoungGen      total 249856K, used 15978K [0x00000000e0000000, 0x00000000f1500000, 0x0000000100000000)
  eden space 230400K, 0% used [0x00000000e0000000,0x00000000e0000000,0x00000000ee100000)
  from space 19456K, 82% used [0x00000000f0200000,0x00000000f119a868,0x00000000f1500000)
  to   space 26624K, 0% used [0x00000000ee100000,0x00000000ee100000,0x00000000efb00000)
 ParOldGen       total 89600K, used 47406K [0x00000000a0000000, 0x00000000a5780000, 0x00000000e0000000)
  object space 89600K, 52% used [0x00000000a0000000,0x00000000a2e4b858,0x00000000a5780000)
 Metaspace       used 61355K, capacity 63764K, committed 64000K, reserved 1103872K
  class space    used 8115K, capacity 8666K, committed 8704K, reserved 1048576K
}
Event: 2768.336 GC heap before
{Heap before GC invocations=16 (full 3):
 PSYoungGen      total 249856K, used 246378K [0x00000000e0000000, 0x00000000f1500000, 0x0000000100000000)
  eden space 230400K, 100% used [0x00000000e0000000,0x00000000ee100000,0x00000000ee100000)
  from space 19456K, 82% used [0x00000000f0200000,0x00000000f119a868,0x00000000f1500000)
  to   space 26624K, 0% used [0x00000000ee100000,0x00000000ee100000,0x00000000efb00000)
 ParOldGen       total 89600K, used 47406K [0x00000000a0000000, 0x00000000a5780000, 0x00000000e0000000)
  object space 89600K, 52% used [0x00000000a0000000,0x00000000a2e4b858,0x00000000a5780000)
 Metaspace       used 66873K, capacity 69520K, committed 69632K, reserved 1110016K
  class space    used 8710K, capacity 9378K, committed 9472K, reserved 1048576K
Event: 2768.424 GC heap after
Heap after GC invocations=16 (full 3):
 PSYoungGen      total 257024K, used 26602K [0x00000000e0000000, 0x00000000f5000000, 0x0000000100000000)
  eden space 230400K, 0% used [0x00000000e0000000,0x00000000e0000000,0x00000000ee100000)
  from space 26624K, 99% used [0x00000000ee100000,0x00000000efafabf8,0x00000000efb00000)
  to   space 34816K, 0% used [0x00000000f2e00000,0x00000000f2e00000,0x00000000f5000000)
 ParOldGen       total 89600K, used 59407K [0x00000000a0000000, 0x00000000a5780000, 0x00000000e0000000)
  object space 89600K, 66% used [0x00000000a0000000,0x00000000a3a03dc8,0x00000000a5780000)
 Metaspace       used 66873K, capacity 69520K, committed 69632K, reserved 1110016K
  class space    used 8710K, capacity 9378K, committed 9472K, reserved 1048576K
}
Event: 2772.150 GC heap before
{Heap before GC invocations=17 (full 3):
 PSYoungGen      total 257024K, used 256384K [0x00000000e0000000, 0x00000000f5000000, 0x0000000100000000)
  eden space 230400K, 99% used [0x00000000e0000000,0x00000000ee065580,0x00000000ee100000)
  from space 26624K, 99% used [0x00000000ee100000,0x00000000efafabf8,0x00000000efb00000)
  to   space 34816K, 0% used [0x00000000f2e00000,0x00000000f2e00000,0x00000000f5000000)
 ParOldGen       total 89600K, used 59407K [0x00000000a0000000, 0x00000000a5780000, 0x00000000e0000000)
  object space 89600K, 66% used [0x00000000a0000000,0x00000000a3a03dc8,0x00000000a5780000)
 Metaspace       used 69472K, capacity 72262K, committed 72448K, reserved 1112064K
  class space    used 8990K, capacity 9653K, committed 9728K, reserved 1048576K
Event: 2772.176 GC heap after
Heap after GC invocations=17 (full 3):
 PSYoungGen      total 303104K, used 34804K [0x00000000e0000000, 0x00000000f5780000, 0x0000000100000000)
  eden space 268288K, 0% used [0x00000000e0000000,0x00000000e0000000,0x00000000f0600000)
  from space 34816K, 99% used [0x00000000f2e00000,0x00000000f4ffd0c0,0x00000000f5000000)
  to   space 40960K, 0% used [0x00000000f0600000,0x00000000f0600000,0x00000000f2e00000)
 ParOldGen       total 89600K, used 60304K [0x00000000a0000000, 0x00000000a5780000, 0x00000000e0000000)
  object space 89600K, 67% used [0x00000000a0000000,0x00000000a3ae43e8,0x00000000a5780000)
 Metaspace       used 69472K, capacity 72262K, committed 72448K, reserved 1112064K
  class space    used 8990K, capacity 9653K, committed 9728K, reserved 1048576K
}

